2025-04-19 06:58:50 - setup_logging - utils\setup_logging.py:54 - INFO - Logging system initialized
2025-04-19 06:58:50 - setup_logging - utils\setup_logging.py:58 - INFO - Experiment logs will be saved to: experiments\directional_dqn_with_constraint_penalty2
2025-04-19 06:58:50 - setup_logging - utils\setup_logging.py:68 - INFO - Log file: directional_dqn_with_constraint_penalty2.log
2025-04-19 06:58:50 - setup_logging - scripts\start_experiment.py:56 - INFO - Training experiment: directional_dqn_with_constraint_penalty2
2025-04-19 06:58:50 - setup_logging - scripts\start_experiment.py:57 - INFO - Maximum episodes: 1000000
2025-04-19 06:58:50 - setup_logging - scripts\start_experiment.py:58 - INFO - Maximum training time: 86400 seconds
2025-04-19 06:58:50 - setup_logging - scripts\start_experiment.py:87 - INFO - Loaded experiment manager from experiments\directional_dqn_with_constraint_penalty2\experiment_manager.pkl
2025-04-19 06:58:50 - setup_logging - scripts\start_experiment.py:92 - INFO - Updated max training time to 86400 seconds
2025-04-19 06:58:50 - setup_logging - scripts\start_experiment.py:99 - INFO - Starting training...
2025-04-19 07:14:27 - directional_dqn_agent - models\agents\directional_dqn_agent.py:426 - INFO - Loaded model state dictionary directly into agent
2025-04-19 07:30:12 - directional_dqn_agent - models\agents\directional_dqn_agent.py:426 - INFO - Loaded model state dictionary directly into agent
2025-04-19 07:45:59 - directional_dqn_agent - models\agents\directional_dqn_agent.py:426 - INFO - Loaded model state dictionary directly into agent
2025-04-19 08:01:48 - directional_dqn_agent - models\agents\directional_dqn_agent.py:426 - INFO - Loaded model state dictionary directly into agent
2025-04-19 08:16:33 - directional_dqn_agent - models\agents\directional_dqn_agent.py:426 - INFO - Loaded model state dictionary directly into agent
2025-04-19 08:31:12 - directional_dqn_agent - models\agents\directional_dqn_agent.py:426 - INFO - Loaded model state dictionary directly into agent
2025-04-19 08:45:54 - directional_dqn_agent - models\agents\directional_dqn_agent.py:426 - INFO - Loaded model state dictionary directly into agent
2025-04-19 09:00:39 - directional_dqn_agent - models\agents\directional_dqn_agent.py:426 - INFO - Loaded model state dictionary directly into agent
2025-04-19 09:15:22 - directional_dqn_agent - models\agents\directional_dqn_agent.py:426 - INFO - Loaded model state dictionary directly into agent
2025-04-19 09:30:06 - directional_dqn_agent - models\agents\directional_dqn_agent.py:426 - INFO - Loaded model state dictionary directly into agent
2025-04-19 09:44:48 - directional_dqn_agent - models\agents\directional_dqn_agent.py:426 - INFO - Loaded model state dictionary directly into agent
2025-04-19 09:59:29 - directional_dqn_agent - models\agents\directional_dqn_agent.py:426 - INFO - Loaded model state dictionary directly into agent
2025-04-19 10:14:13 - directional_dqn_agent - models\agents\directional_dqn_agent.py:426 - INFO - Loaded model state dictionary directly into agent
2025-04-19 10:29:00 - directional_dqn_agent - models\agents\directional_dqn_agent.py:426 - INFO - Loaded model state dictionary directly into agent
2025-04-19 10:43:46 - directional_dqn_agent - models\agents\directional_dqn_agent.py:426 - INFO - Loaded model state dictionary directly into agent
2025-04-19 10:58:30 - directional_dqn_agent - models\agents\directional_dqn_agent.py:426 - INFO - Loaded model state dictionary directly into agent
2025-04-19 11:13:12 - directional_dqn_agent - models\agents\directional_dqn_agent.py:426 - INFO - Loaded model state dictionary directly into agent
2025-04-19 11:27:55 - directional_dqn_agent - models\agents\directional_dqn_agent.py:426 - INFO - Loaded model state dictionary directly into agent
2025-04-19 11:42:38 - directional_dqn_agent - models\agents\directional_dqn_agent.py:426 - INFO - Loaded model state dictionary directly into agent
2025-04-19 11:57:24 - directional_dqn_agent - models\agents\directional_dqn_agent.py:426 - INFO - Loaded model state dictionary directly into agent
2025-04-19 12:12:07 - directional_dqn_agent - models\agents\directional_dqn_agent.py:426 - INFO - Loaded model state dictionary directly into agent
2025-04-19 12:26:52 - directional_dqn_agent - models\agents\directional_dqn_agent.py:426 - INFO - Loaded model state dictionary directly into agent
2025-04-19 12:41:38 - directional_dqn_agent - models\agents\directional_dqn_agent.py:426 - INFO - Loaded model state dictionary directly into agent
2025-04-19 12:56:28 - directional_dqn_agent - models\agents\directional_dqn_agent.py:426 - INFO - Loaded model state dictionary directly into agent
2025-04-19 13:11:17 - directional_dqn_agent - models\agents\directional_dqn_agent.py:426 - INFO - Loaded model state dictionary directly into agent
2025-04-19 13:26:01 - directional_dqn_agent - models\agents\directional_dqn_agent.py:426 - INFO - Loaded model state dictionary directly into agent
2025-04-19 13:40:45 - directional_dqn_agent - models\agents\directional_dqn_agent.py:426 - INFO - Loaded model state dictionary directly into agent
2025-04-19 13:55:31 - directional_dqn_agent - models\agents\directional_dqn_agent.py:426 - INFO - Loaded model state dictionary directly into agent
2025-04-19 14:10:16 - directional_dqn_agent - models\agents\directional_dqn_agent.py:426 - INFO - Loaded model state dictionary directly into agent
2025-04-19 14:25:03 - directional_dqn_agent - models\agents\directional_dqn_agent.py:426 - INFO - Loaded model state dictionary directly into agent
2025-04-19 14:39:46 - directional_dqn_agent - models\agents\directional_dqn_agent.py:426 - INFO - Loaded model state dictionary directly into agent
2025-04-19 14:54:28 - directional_dqn_agent - models\agents\directional_dqn_agent.py:426 - INFO - Loaded model state dictionary directly into agent
2025-04-19 15:09:14 - directional_dqn_agent - models\agents\directional_dqn_agent.py:426 - INFO - Loaded model state dictionary directly into agent
2025-04-19 15:23:58 - directional_dqn_agent - models\agents\directional_dqn_agent.py:426 - INFO - Loaded model state dictionary directly into agent
2025-04-19 15:38:45 - directional_dqn_agent - models\agents\directional_dqn_agent.py:426 - INFO - Loaded model state dictionary directly into agent
2025-04-19 15:53:29 - directional_dqn_agent - models\agents\directional_dqn_agent.py:426 - INFO - Loaded model state dictionary directly into agent
2025-04-19 16:08:12 - directional_dqn_agent - models\agents\directional_dqn_agent.py:426 - INFO - Loaded model state dictionary directly into agent
2025-04-19 16:22:58 - directional_dqn_agent - models\agents\directional_dqn_agent.py:426 - INFO - Loaded model state dictionary directly into agent
2025-04-19 16:37:46 - directional_dqn_agent - models\agents\directional_dqn_agent.py:426 - INFO - Loaded model state dictionary directly into agent
2025-04-19 16:52:33 - directional_dqn_agent - models\agents\directional_dqn_agent.py:426 - INFO - Loaded model state dictionary directly into agent
2025-04-19 17:07:18 - directional_dqn_agent - models\agents\directional_dqn_agent.py:426 - INFO - Loaded model state dictionary directly into agent
2025-04-19 17:22:04 - directional_dqn_agent - models\agents\directional_dqn_agent.py:426 - INFO - Loaded model state dictionary directly into agent
2025-04-19 17:36:50 - directional_dqn_agent - models\agents\directional_dqn_agent.py:426 - INFO - Loaded model state dictionary directly into agent
2025-04-19 17:51:36 - directional_dqn_agent - models\agents\directional_dqn_agent.py:426 - INFO - Loaded model state dictionary directly into agent
2025-04-19 18:06:23 - directional_dqn_agent - models\agents\directional_dqn_agent.py:426 - INFO - Loaded model state dictionary directly into agent
2025-04-19 18:21:05 - directional_dqn_agent - models\agents\directional_dqn_agent.py:426 - INFO - Loaded model state dictionary directly into agent
2025-04-19 18:35:46 - directional_dqn_agent - models\agents\directional_dqn_agent.py:426 - INFO - Loaded model state dictionary directly into agent
2025-04-19 18:50:34 - directional_dqn_agent - models\agents\directional_dqn_agent.py:426 - INFO - Loaded model state dictionary directly into agent
2025-04-19 19:05:23 - directional_dqn_agent - models\agents\directional_dqn_agent.py:426 - INFO - Loaded model state dictionary directly into agent
2025-04-19 19:20:10 - directional_dqn_agent - models\agents\directional_dqn_agent.py:426 - INFO - Loaded model state dictionary directly into agent
2025-04-19 19:34:51 - directional_dqn_agent - models\agents\directional_dqn_agent.py:426 - INFO - Loaded model state dictionary directly into agent
2025-04-19 19:49:35 - directional_dqn_agent - models\agents\directional_dqn_agent.py:426 - INFO - Loaded model state dictionary directly into agent
2025-04-19 20:04:20 - directional_dqn_agent - models\agents\directional_dqn_agent.py:426 - INFO - Loaded model state dictionary directly into agent
2025-04-19 20:19:06 - directional_dqn_agent - models\agents\directional_dqn_agent.py:426 - INFO - Loaded model state dictionary directly into agent
2025-04-19 20:33:54 - directional_dqn_agent - models\agents\directional_dqn_agent.py:426 - INFO - Loaded model state dictionary directly into agent
2025-04-19 20:48:37 - directional_dqn_agent - models\agents\directional_dqn_agent.py:426 - INFO - Loaded model state dictionary directly into agent
2025-04-19 21:03:22 - directional_dqn_agent - models\agents\directional_dqn_agent.py:426 - INFO - Loaded model state dictionary directly into agent
2025-04-19 21:18:07 - directional_dqn_agent - models\agents\directional_dqn_agent.py:426 - INFO - Loaded model state dictionary directly into agent
2025-04-19 21:32:52 - directional_dqn_agent - models\agents\directional_dqn_agent.py:426 - INFO - Loaded model state dictionary directly into agent
2025-04-19 21:47:38 - directional_dqn_agent - models\agents\directional_dqn_agent.py:426 - INFO - Loaded model state dictionary directly into agent
2025-04-19 22:02:24 - directional_dqn_agent - models\agents\directional_dqn_agent.py:426 - INFO - Loaded model state dictionary directly into agent
2025-04-19 22:17:08 - directional_dqn_agent - models\agents\directional_dqn_agent.py:426 - INFO - Loaded model state dictionary directly into agent
2025-04-19 22:31:53 - directional_dqn_agent - models\agents\directional_dqn_agent.py:426 - INFO - Loaded model state dictionary directly into agent
2025-04-19 22:46:40 - directional_dqn_agent - models\agents\directional_dqn_agent.py:426 - INFO - Loaded model state dictionary directly into agent
2025-04-19 23:01:28 - directional_dqn_agent - models\agents\directional_dqn_agent.py:426 - INFO - Loaded model state dictionary directly into agent
2025-04-19 23:16:16 - directional_dqn_agent - models\agents\directional_dqn_agent.py:426 - INFO - Loaded model state dictionary directly into agent
2025-04-19 23:31:01 - directional_dqn_agent - models\agents\directional_dqn_agent.py:426 - INFO - Loaded model state dictionary directly into agent
2025-04-19 23:31:37 - directional_dqn_agent - models\agents\directional_dqn_agent.py:426 - INFO - Loaded model state dictionary directly into agent
2025-04-19 23:31:44 - setup_logging - scripts\start_experiment.py:104 - INFO - Training completed!
2025-04-19 23:31:44 - setup_logging - scripts\start_experiment.py:106 - INFO - Total episodes: 670
2025-04-19 23:31:44 - setup_logging - scripts\start_experiment.py:108 - INFO - Final training reward: 5.3223
2025-04-19 23:31:44 - setup_logging - scripts\start_experiment.py:110 - INFO - Final evaluation return: -9.9193
2025-04-19 23:31:44 - setup_logging - scripts\start_experiment.py:112 - INFO - Final Sharpe ratio: -1.7768
2025-04-19 23:31:44 - setup_logging - scripts\start_experiment.py:114 - INFO - Final total return: 3.86%
