2025-04-28 10:38:05 - setup_logging - utils\setup_logging.py:54 - INFO - Logging system initialized
2025-04-28 10:38:05 - setup_logging - utils\setup_logging.py:58 - INFO - Experiment logs will be saved to: experiments\discreteDQN
2025-04-28 10:38:05 - setup_logging - utils\setup_logging.py:68 - INFO - Log file: discreteDQN.log
2025-04-28 10:38:05 - setup_logging - scripts\start_experiment.py:56 - INFO - Training experiment: discreteDQN
2025-04-28 10:38:05 - setup_logging - scripts\start_experiment.py:57 - INFO - Maximum episodes: 1000000
2025-04-28 10:38:05 - setup_logging - scripts\start_experiment.py:58 - INFO - Maximum training time: 86400 seconds
2025-04-28 10:38:05 - setup_logging - scripts\start_experiment.py:87 - INFO - Loaded experiment manager from experiments\discreteDQN\experiment_manager.pkl
2025-04-28 10:38:05 - setup_logging - scripts\start_experiment.py:92 - INFO - Updated max training time to 86400 seconds
2025-04-28 10:38:05 - setup_logging - scripts\start_experiment.py:99 - INFO - Starting training...
2025-04-28 13:52:20 - discrete_dqn_agent - models\agents\discrete_dqn_agent.py:476 - INFO - Loaded model state dictionary directly into agent
2025-04-28 17:06:24 - discrete_dqn_agent - models\agents\discrete_dqn_agent.py:476 - INFO - Loaded model state dictionary directly into agent
2025-04-28 20:17:56 - discrete_dqn_agent - models\agents\discrete_dqn_agent.py:476 - INFO - Loaded model state dictionary directly into agent
2025-04-28 23:38:18 - discrete_dqn_agent - models\agents\discrete_dqn_agent.py:476 - INFO - Loaded model state dictionary directly into agent
2025-04-29 03:23:00 - discrete_dqn_agent - models\agents\discrete_dqn_agent.py:476 - INFO - Loaded model state dictionary directly into agent
2025-04-29 07:06:43 - discrete_dqn_agent - models\agents\discrete_dqn_agent.py:476 - INFO - Loaded model state dictionary directly into agent
2025-04-29 10:34:58 - discrete_dqn_agent - models\agents\discrete_dqn_agent.py:476 - INFO - Loaded model state dictionary directly into agent
2025-04-29 10:54:44 - discrete_dqn_agent - models\agents\discrete_dqn_agent.py:476 - INFO - Loaded model state dictionary directly into agent
2025-04-29 10:54:52 - setup_logging - scripts\start_experiment.py:104 - INFO - Training completed!
2025-04-29 10:54:52 - setup_logging - scripts\start_experiment.py:106 - INFO - Total episodes: 71
2025-04-29 10:54:52 - setup_logging - scripts\start_experiment.py:108 - INFO - Final training reward: -1807.6440
2025-04-29 10:54:52 - setup_logging - scripts\start_experiment.py:110 - INFO - Final evaluation return: -345.4384
2025-04-29 10:54:52 - setup_logging - scripts\start_experiment.py:112 - INFO - Final Sharpe ratio: -1.3853
2025-04-29 10:54:52 - setup_logging - scripts\start_experiment.py:114 - INFO - Final total return: 5.08%
