2025-04-23 07:13:03 - setup_logging - utils\setup_logging.py:54 - INFO - Logging system initialized
2025-04-23 07:13:03 - setup_logging - utils\setup_logging.py:58 - INFO - Experiment logs will be saved to: experiments\directional-dqn-zscore
2025-04-23 07:13:03 - setup_logging - utils\setup_logging.py:68 - INFO - Log file: directional-dqn-zscore.log
2025-04-23 07:13:03 - setup_logging - scripts\start_experiment.py:56 - INFO - Training experiment: directional-dqn-zscore
2025-04-23 07:13:03 - setup_logging - scripts\start_experiment.py:57 - INFO - Maximum episodes: 1000000
2025-04-23 07:13:03 - setup_logging - scripts\start_experiment.py:58 - INFO - Maximum training time: 86400 seconds
2025-04-23 07:13:03 - setup_logging - scripts\start_experiment.py:87 - INFO - Loaded experiment manager from experiments\directional-dqn-zscore\experiment_manager.pkl
2025-04-23 07:13:03 - setup_logging - scripts\start_experiment.py:92 - INFO - Updated max training time to 86400 seconds
2025-04-23 07:13:03 - setup_logging - scripts\start_experiment.py:99 - INFO - Starting training...
2025-04-23 07:30:14 - directional_dqn_agent - models\agents\directional_dqn_agent.py:426 - INFO - Loaded model state dictionary directly into agent
2025-04-23 07:47:03 - directional_dqn_agent - models\agents\directional_dqn_agent.py:426 - INFO - Loaded model state dictionary directly into agent
2025-04-23 08:03:54 - directional_dqn_agent - models\agents\directional_dqn_agent.py:426 - INFO - Loaded model state dictionary directly into agent
2025-04-23 08:20:50 - directional_dqn_agent - models\agents\directional_dqn_agent.py:426 - INFO - Loaded model state dictionary directly into agent
2025-04-23 08:37:50 - directional_dqn_agent - models\agents\directional_dqn_agent.py:426 - INFO - Loaded model state dictionary directly into agent
2025-04-23 08:54:43 - directional_dqn_agent - models\agents\directional_dqn_agent.py:426 - INFO - Loaded model state dictionary directly into agent
2025-04-23 09:11:39 - directional_dqn_agent - models\agents\directional_dqn_agent.py:426 - INFO - Loaded model state dictionary directly into agent
2025-04-23 09:28:38 - directional_dqn_agent - models\agents\directional_dqn_agent.py:426 - INFO - Loaded model state dictionary directly into agent
2025-04-23 09:45:39 - directional_dqn_agent - models\agents\directional_dqn_agent.py:426 - INFO - Loaded model state dictionary directly into agent
2025-04-23 10:02:39 - directional_dqn_agent - models\agents\directional_dqn_agent.py:426 - INFO - Loaded model state dictionary directly into agent
2025-04-23 10:19:33 - directional_dqn_agent - models\agents\directional_dqn_agent.py:426 - INFO - Loaded model state dictionary directly into agent
2025-04-23 10:36:32 - directional_dqn_agent - models\agents\directional_dqn_agent.py:426 - INFO - Loaded model state dictionary directly into agent
2025-04-23 10:53:36 - directional_dqn_agent - models\agents\directional_dqn_agent.py:426 - INFO - Loaded model state dictionary directly into agent
2025-04-23 11:10:41 - directional_dqn_agent - models\agents\directional_dqn_agent.py:426 - INFO - Loaded model state dictionary directly into agent
2025-04-23 11:27:45 - directional_dqn_agent - models\agents\directional_dqn_agent.py:426 - INFO - Loaded model state dictionary directly into agent
2025-04-23 11:44:47 - directional_dqn_agent - models\agents\directional_dqn_agent.py:426 - INFO - Loaded model state dictionary directly into agent
2025-04-23 12:01:56 - directional_dqn_agent - models\agents\directional_dqn_agent.py:426 - INFO - Loaded model state dictionary directly into agent
2025-04-23 12:18:58 - directional_dqn_agent - models\agents\directional_dqn_agent.py:426 - INFO - Loaded model state dictionary directly into agent
2025-04-23 12:36:04 - directional_dqn_agent - models\agents\directional_dqn_agent.py:426 - INFO - Loaded model state dictionary directly into agent
2025-04-23 12:53:14 - directional_dqn_agent - models\agents\directional_dqn_agent.py:426 - INFO - Loaded model state dictionary directly into agent
2025-04-23 13:10:14 - directional_dqn_agent - models\agents\directional_dqn_agent.py:426 - INFO - Loaded model state dictionary directly into agent
2025-04-23 13:27:18 - directional_dqn_agent - models\agents\directional_dqn_agent.py:426 - INFO - Loaded model state dictionary directly into agent
2025-04-23 13:44:23 - directional_dqn_agent - models\agents\directional_dqn_agent.py:426 - INFO - Loaded model state dictionary directly into agent
2025-04-23 14:01:28 - directional_dqn_agent - models\agents\directional_dqn_agent.py:426 - INFO - Loaded model state dictionary directly into agent
2025-04-23 14:18:34 - directional_dqn_agent - models\agents\directional_dqn_agent.py:426 - INFO - Loaded model state dictionary directly into agent
2025-04-23 14:35:36 - directional_dqn_agent - models\agents\directional_dqn_agent.py:426 - INFO - Loaded model state dictionary directly into agent
2025-04-23 14:52:36 - directional_dqn_agent - models\agents\directional_dqn_agent.py:426 - INFO - Loaded model state dictionary directly into agent
2025-04-23 15:09:40 - directional_dqn_agent - models\agents\directional_dqn_agent.py:426 - INFO - Loaded model state dictionary directly into agent
2025-04-23 15:26:46 - directional_dqn_agent - models\agents\directional_dqn_agent.py:426 - INFO - Loaded model state dictionary directly into agent
2025-04-23 15:43:54 - directional_dqn_agent - models\agents\directional_dqn_agent.py:426 - INFO - Loaded model state dictionary directly into agent
2025-04-23 16:00:55 - directional_dqn_agent - models\agents\directional_dqn_agent.py:426 - INFO - Loaded model state dictionary directly into agent
2025-04-23 16:17:58 - directional_dqn_agent - models\agents\directional_dqn_agent.py:426 - INFO - Loaded model state dictionary directly into agent
2025-04-23 16:35:02 - directional_dqn_agent - models\agents\directional_dqn_agent.py:426 - INFO - Loaded model state dictionary directly into agent
2025-04-23 16:52:07 - directional_dqn_agent - models\agents\directional_dqn_agent.py:426 - INFO - Loaded model state dictionary directly into agent
2025-04-23 17:09:12 - directional_dqn_agent - models\agents\directional_dqn_agent.py:426 - INFO - Loaded model state dictionary directly into agent
2025-04-23 17:26:14 - directional_dqn_agent - models\agents\directional_dqn_agent.py:426 - INFO - Loaded model state dictionary directly into agent
2025-04-23 17:43:15 - directional_dqn_agent - models\agents\directional_dqn_agent.py:426 - INFO - Loaded model state dictionary directly into agent
2025-04-23 18:00:19 - directional_dqn_agent - models\agents\directional_dqn_agent.py:426 - INFO - Loaded model state dictionary directly into agent
2025-04-23 18:17:25 - directional_dqn_agent - models\agents\directional_dqn_agent.py:426 - INFO - Loaded model state dictionary directly into agent
2025-04-23 18:34:31 - directional_dqn_agent - models\agents\directional_dqn_agent.py:426 - INFO - Loaded model state dictionary directly into agent
2025-04-23 18:51:32 - directional_dqn_agent - models\agents\directional_dqn_agent.py:426 - INFO - Loaded model state dictionary directly into agent
