2025-04-19 00:28:28 - setup_logging - utils\setup_logging.py:54 - INFO - Logging system initialized
2025-04-19 00:28:28 - setup_logging - utils\setup_logging.py:58 - INFO - Experiment logs will be saved to: experiments\directional_dqn_with_constraint_penalty
2025-04-19 00:28:28 - setup_logging - utils\setup_logging.py:68 - INFO - Log file: directional_dqn_with_constraint_penalty.log
2025-04-19 00:28:28 - setup_logging - scripts\start_experiment.py:56 - INFO - Training experiment: directional_dqn_with_constraint_penalty
2025-04-19 00:28:28 - setup_logging - scripts\start_experiment.py:57 - INFO - Maximum episodes: 1000000
2025-04-19 00:28:28 - setup_logging - scripts\start_experiment.py:58 - INFO - Maximum training time: 86400 seconds
2025-04-19 00:28:28 - setup_logging - scripts\start_experiment.py:87 - INFO - Loaded experiment manager from experiments\directional_dqn_with_constraint_penalty\experiment_manager.pkl
2025-04-19 00:28:28 - setup_logging - scripts\start_experiment.py:92 - INFO - Updated max training time to 86400 seconds
2025-04-19 00:28:28 - setup_logging - scripts\start_experiment.py:99 - INFO - Starting training...
2025-04-19 00:44:32 - directional_dqn_agent - models\agents\directional_dqn_agent.py:426 - INFO - Loaded model state dictionary directly into agent
2025-04-19 01:02:58 - directional_dqn_agent - models\agents\directional_dqn_agent.py:426 - INFO - Loaded model state dictionary directly into agent
2025-04-19 01:25:37 - directional_dqn_agent - models\agents\directional_dqn_agent.py:426 - INFO - Loaded model state dictionary directly into agent
2025-04-19 01:48:27 - directional_dqn_agent - models\agents\directional_dqn_agent.py:426 - INFO - Loaded model state dictionary directly into agent
2025-04-19 02:11:21 - directional_dqn_agent - models\agents\directional_dqn_agent.py:426 - INFO - Loaded model state dictionary directly into agent
2025-04-19 02:34:09 - directional_dqn_agent - models\agents\directional_dqn_agent.py:426 - INFO - Loaded model state dictionary directly into agent
2025-04-19 02:56:45 - directional_dqn_agent - models\agents\directional_dqn_agent.py:426 - INFO - Loaded model state dictionary directly into agent
2025-04-19 03:19:19 - directional_dqn_agent - models\agents\directional_dqn_agent.py:426 - INFO - Loaded model state dictionary directly into agent
2025-04-19 03:41:42 - directional_dqn_agent - models\agents\directional_dqn_agent.py:426 - INFO - Loaded model state dictionary directly into agent
2025-04-19 04:04:21 - directional_dqn_agent - models\agents\directional_dqn_agent.py:426 - INFO - Loaded model state dictionary directly into agent
2025-04-19 04:26:52 - directional_dqn_agent - models\agents\directional_dqn_agent.py:426 - INFO - Loaded model state dictionary directly into agent
2025-04-19 04:49:28 - directional_dqn_agent - models\agents\directional_dqn_agent.py:426 - INFO - Loaded model state dictionary directly into agent
2025-04-19 05:09:58 - directional_dqn_agent - models\agents\directional_dqn_agent.py:426 - INFO - Loaded model state dictionary directly into agent
2025-04-19 05:30:22 - directional_dqn_agent - models\agents\directional_dqn_agent.py:426 - INFO - Loaded model state dictionary directly into agent
2025-04-19 05:50:49 - directional_dqn_agent - models\agents\directional_dqn_agent.py:426 - INFO - Loaded model state dictionary directly into agent
2025-04-19 06:11:07 - directional_dqn_agent - models\agents\directional_dqn_agent.py:426 - INFO - Loaded model state dictionary directly into agent
2025-04-19 06:31:28 - directional_dqn_agent - models\agents\directional_dqn_agent.py:426 - INFO - Loaded model state dictionary directly into agent
