2025-04-23 07:14:20 - setup_logging - utils\setup_logging.py:54 - INFO - Logging system initialized
2025-04-23 07:14:20 - setup_logging - utils\setup_logging.py:58 - INFO - Experiment logs will be saved to: experiments\A2C-percentage
2025-04-23 07:14:20 - setup_logging - utils\setup_logging.py:68 - INFO - Log file: A2C-percentage.log
2025-04-23 07:14:20 - setup_logging - scripts\start_experiment.py:56 - INFO - Training experiment: A2C-percentage
2025-04-23 07:14:20 - setup_logging - scripts\start_experiment.py:57 - INFO - Maximum episodes: 1000000
2025-04-23 07:14:20 - setup_logging - scripts\start_experiment.py:58 - INFO - Maximum training time: 86400 seconds
2025-04-23 07:14:21 - setup_logging - scripts\start_experiment.py:87 - INFO - Loaded experiment manager from experiments\A2C-percentage\experiment_manager.pkl
2025-04-23 07:14:21 - setup_logging - scripts\start_experiment.py:92 - INFO - Updated max training time to 86400 seconds
2025-04-23 07:14:21 - setup_logging - scripts\start_experiment.py:99 - INFO - Starting training...
2025-04-23 07:30:49 - a2c_agent - models\agents\a2c_agent.py:413 - INFO - Loaded model state dictionary directly into agent
2025-04-23 07:47:36 - a2c_agent - models\agents\a2c_agent.py:413 - INFO - Loaded model state dictionary directly into agent
2025-04-23 08:04:22 - a2c_agent - models\agents\a2c_agent.py:413 - INFO - Loaded model state dictionary directly into agent
2025-04-23 08:21:05 - a2c_agent - models\agents\a2c_agent.py:413 - INFO - Loaded model state dictionary directly into agent
2025-04-23 08:37:49 - a2c_agent - models\agents\a2c_agent.py:413 - INFO - Loaded model state dictionary directly into agent
2025-04-23 08:54:49 - a2c_agent - models\agents\a2c_agent.py:413 - INFO - Loaded model state dictionary directly into agent
2025-04-23 09:12:00 - a2c_agent - models\agents\a2c_agent.py:413 - INFO - Loaded model state dictionary directly into agent
2025-04-23 09:29:12 - a2c_agent - models\agents\a2c_agent.py:413 - INFO - Loaded model state dictionary directly into agent
2025-04-23 09:46:22 - a2c_agent - models\agents\a2c_agent.py:413 - INFO - Loaded model state dictionary directly into agent
2025-04-23 10:03:29 - a2c_agent - models\agents\a2c_agent.py:413 - INFO - Loaded model state dictionary directly into agent
2025-04-23 10:20:35 - a2c_agent - models\agents\a2c_agent.py:413 - INFO - Loaded model state dictionary directly into agent
2025-04-23 10:36:33 - a2c_agent - models\agents\a2c_agent.py:413 - INFO - Loaded model state dictionary directly into agent
2025-04-23 10:52:31 - a2c_agent - models\agents\a2c_agent.py:413 - INFO - Loaded model state dictionary directly into agent
2025-04-23 11:08:28 - a2c_agent - models\agents\a2c_agent.py:413 - INFO - Loaded model state dictionary directly into agent
2025-04-23 11:24:24 - a2c_agent - models\agents\a2c_agent.py:413 - INFO - Loaded model state dictionary directly into agent
2025-04-23 11:40:22 - a2c_agent - models\agents\a2c_agent.py:413 - INFO - Loaded model state dictionary directly into agent
2025-04-23 11:56:24 - a2c_agent - models\agents\a2c_agent.py:413 - INFO - Loaded model state dictionary directly into agent
2025-04-23 12:12:22 - a2c_agent - models\agents\a2c_agent.py:413 - INFO - Loaded model state dictionary directly into agent
2025-04-23 12:28:21 - a2c_agent - models\agents\a2c_agent.py:413 - INFO - Loaded model state dictionary directly into agent
2025-04-23 12:44:19 - a2c_agent - models\agents\a2c_agent.py:413 - INFO - Loaded model state dictionary directly into agent
2025-04-23 13:00:14 - a2c_agent - models\agents\a2c_agent.py:413 - INFO - Loaded model state dictionary directly into agent
2025-04-23 13:16:12 - a2c_agent - models\agents\a2c_agent.py:413 - INFO - Loaded model state dictionary directly into agent
2025-04-23 13:32:09 - a2c_agent - models\agents\a2c_agent.py:413 - INFO - Loaded model state dictionary directly into agent
2025-04-23 13:48:05 - a2c_agent - models\agents\a2c_agent.py:413 - INFO - Loaded model state dictionary directly into agent
2025-04-23 14:04:04 - a2c_agent - models\agents\a2c_agent.py:413 - INFO - Loaded model state dictionary directly into agent
2025-04-23 14:20:01 - a2c_agent - models\agents\a2c_agent.py:413 - INFO - Loaded model state dictionary directly into agent
2025-04-23 14:36:00 - a2c_agent - models\agents\a2c_agent.py:413 - INFO - Loaded model state dictionary directly into agent
2025-04-23 14:52:02 - a2c_agent - models\agents\a2c_agent.py:413 - INFO - Loaded model state dictionary directly into agent
2025-04-23 15:07:58 - a2c_agent - models\agents\a2c_agent.py:413 - INFO - Loaded model state dictionary directly into agent
2025-04-23 15:23:54 - a2c_agent - models\agents\a2c_agent.py:413 - INFO - Loaded model state dictionary directly into agent
2025-04-23 15:39:53 - a2c_agent - models\agents\a2c_agent.py:413 - INFO - Loaded model state dictionary directly into agent
2025-04-23 15:55:53 - a2c_agent - models\agents\a2c_agent.py:413 - INFO - Loaded model state dictionary directly into agent
2025-04-23 16:11:51 - a2c_agent - models\agents\a2c_agent.py:413 - INFO - Loaded model state dictionary directly into agent
2025-04-23 16:27:50 - a2c_agent - models\agents\a2c_agent.py:413 - INFO - Loaded model state dictionary directly into agent
2025-04-23 16:43:50 - a2c_agent - models\agents\a2c_agent.py:413 - INFO - Loaded model state dictionary directly into agent
2025-04-23 16:59:48 - a2c_agent - models\agents\a2c_agent.py:413 - INFO - Loaded model state dictionary directly into agent
2025-04-23 17:15:48 - a2c_agent - models\agents\a2c_agent.py:413 - INFO - Loaded model state dictionary directly into agent
2025-04-23 17:31:46 - a2c_agent - models\agents\a2c_agent.py:413 - INFO - Loaded model state dictionary directly into agent
2025-04-23 17:47:41 - a2c_agent - models\agents\a2c_agent.py:413 - INFO - Loaded model state dictionary directly into agent
2025-04-23 18:03:42 - a2c_agent - models\agents\a2c_agent.py:413 - INFO - Loaded model state dictionary directly into agent
2025-04-23 18:19:45 - a2c_agent - models\agents\a2c_agent.py:413 - INFO - Loaded model state dictionary directly into agent
2025-04-23 18:35:40 - a2c_agent - models\agents\a2c_agent.py:413 - INFO - Loaded model state dictionary directly into agent
2025-04-23 18:51:38 - a2c_agent - models\agents\a2c_agent.py:413 - INFO - Loaded model state dictionary directly into agent
