2025-04-22 21:22:34 - setup_logging - utils\setup_logging.py:54 - INFO - Logging system initialized
2025-04-22 21:22:34 - setup_logging - utils\setup_logging.py:58 - INFO - Experiment logs will be saved to: experiments\A2C
2025-04-22 21:22:34 - setup_logging - utils\setup_logging.py:68 - INFO - Log file: A2C.log
2025-04-22 21:22:34 - setup_logging - scripts\start_experiment.py:56 - INFO - Training experiment: A2C
2025-04-22 21:22:34 - setup_logging - scripts\start_experiment.py:57 - INFO - Maximum episodes: 1000000
2025-04-22 21:22:34 - setup_logging - scripts\start_experiment.py:58 - INFO - Maximum training time: 86400 seconds
2025-04-22 21:22:34 - setup_logging - scripts\start_experiment.py:87 - INFO - Loaded experiment manager from experiments\A2C\experiment_manager.pkl
2025-04-22 21:22:34 - setup_logging - scripts\start_experiment.py:92 - INFO - Updated max training time to 86400 seconds
2025-04-22 21:22:34 - setup_logging - scripts\start_experiment.py:99 - INFO - Starting training...
2025-04-22 21:39:23 - a2c_agent - models\agents\a2c_agent.py:413 - INFO - Loaded model state dictionary directly into agent
2025-04-22 21:56:05 - a2c_agent - models\agents\a2c_agent.py:413 - INFO - Loaded model state dictionary directly into agent
2025-04-22 22:12:53 - a2c_agent - models\agents\a2c_agent.py:413 - INFO - Loaded model state dictionary directly into agent
2025-04-22 22:32:37 - a2c_agent - models\agents\a2c_agent.py:413 - INFO - Loaded model state dictionary directly into agent
2025-04-22 22:50:27 - a2c_agent - models\agents\a2c_agent.py:413 - INFO - Loaded model state dictionary directly into agent
2025-04-22 23:07:23 - a2c_agent - models\agents\a2c_agent.py:413 - INFO - Loaded model state dictionary directly into agent
2025-04-22 23:30:15 - a2c_agent - models\agents\a2c_agent.py:413 - INFO - Loaded model state dictionary directly into agent
2025-04-22 23:54:52 - a2c_agent - models\agents\a2c_agent.py:413 - INFO - Loaded model state dictionary directly into agent
2025-04-23 00:19:13 - a2c_agent - models\agents\a2c_agent.py:413 - INFO - Loaded model state dictionary directly into agent
2025-04-23 00:43:22 - a2c_agent - models\agents\a2c_agent.py:413 - INFO - Loaded model state dictionary directly into agent
2025-04-23 01:07:41 - a2c_agent - models\agents\a2c_agent.py:413 - INFO - Loaded model state dictionary directly into agent
2025-04-23 01:32:02 - a2c_agent - models\agents\a2c_agent.py:413 - INFO - Loaded model state dictionary directly into agent
2025-04-23 01:56:25 - a2c_agent - models\agents\a2c_agent.py:413 - INFO - Loaded model state dictionary directly into agent
2025-04-23 02:20:41 - a2c_agent - models\agents\a2c_agent.py:413 - INFO - Loaded model state dictionary directly into agent
2025-04-23 02:46:51 - a2c_agent - models\agents\a2c_agent.py:413 - INFO - Loaded model state dictionary directly into agent
2025-04-23 03:12:59 - a2c_agent - models\agents\a2c_agent.py:413 - INFO - Loaded model state dictionary directly into agent
2025-04-23 03:39:05 - a2c_agent - models\agents\a2c_agent.py:413 - INFO - Loaded model state dictionary directly into agent
2025-04-23 04:05:16 - a2c_agent - models\agents\a2c_agent.py:413 - INFO - Loaded model state dictionary directly into agent
2025-04-23 04:31:26 - a2c_agent - models\agents\a2c_agent.py:413 - INFO - Loaded model state dictionary directly into agent
2025-04-23 04:57:29 - a2c_agent - models\agents\a2c_agent.py:413 - INFO - Loaded model state dictionary directly into agent
2025-04-23 05:23:40 - a2c_agent - models\agents\a2c_agent.py:413 - INFO - Loaded model state dictionary directly into agent
2025-04-23 05:49:46 - a2c_agent - models\agents\a2c_agent.py:413 - INFO - Loaded model state dictionary directly into agent
2025-04-23 06:15:54 - a2c_agent - models\agents\a2c_agent.py:413 - INFO - Loaded model state dictionary directly into agent
2025-04-23 06:42:02 - a2c_agent - models\agents\a2c_agent.py:413 - INFO - Loaded model state dictionary directly into agent
2025-04-23 07:02:55 - setup_logging - scripts\start_experiment.py:104 - INFO - Training completed!
2025-04-23 07:02:55 - setup_logging - scripts\start_experiment.py:106 - INFO - Total episodes: 248
2025-04-23 07:02:55 - setup_logging - scripts\start_experiment.py:108 - INFO - Final training reward: -71.4974
2025-04-23 07:02:55 - setup_logging - scripts\start_experiment.py:110 - INFO - Final evaluation return: -15.4062
2025-04-23 07:02:55 - setup_logging - scripts\start_experiment.py:112 - INFO - Final Sharpe ratio: -1.4464
2025-04-23 07:02:55 - setup_logging - scripts\start_experiment.py:114 - INFO - Final total return: -3.12%
