2025-04-17 15:42:44 - setup_logging - utils\setup_logging.py:54 - INFO - Logging system initialized
2025-04-17 15:42:44 - setup_logging - utils\setup_logging.py:58 - INFO - Experiment logs will be saved to: experiments\experiment_20250417_154152
2025-04-17 15:42:44 - setup_logging - utils\setup_logging.py:68 - INFO - Log file: experiment_20250417_154152.log
2025-04-17 15:42:44 - setup_logging - scripts\start_experiment.py:56 - INFO - Training experiment: experiment_20250417_154152
2025-04-17 15:42:44 - setup_logging - scripts\start_experiment.py:57 - INFO - Maximum episodes: 1000000
2025-04-17 15:42:44 - setup_logging - scripts\start_experiment.py:58 - INFO - Maximum training time: 86400 seconds
2025-04-17 15:42:44 - setup_logging - scripts\start_experiment.py:87 - INFO - Loaded experiment manager from experiments\experiment_20250417_154152\experiment_manager.pkl
2025-04-17 15:42:44 - setup_logging - scripts\start_experiment.py:92 - INFO - Updated max training time to 86400 seconds
2025-04-17 15:42:44 - setup_logging - scripts\start_experiment.py:99 - INFO - Starting training...
2025-04-17 15:58:27 - directional_dqn_agent - models\agents\directional_dqn_agent.py:399 - INFO - Loaded model state dictionary directly into agent
2025-04-17 16:14:38 - directional_dqn_agent - models\agents\directional_dqn_agent.py:399 - INFO - Loaded model state dictionary directly into agent
2025-04-17 16:30:55 - directional_dqn_agent - models\agents\directional_dqn_agent.py:399 - INFO - Loaded model state dictionary directly into agent
2025-04-17 16:47:14 - directional_dqn_agent - models\agents\directional_dqn_agent.py:399 - INFO - Loaded model state dictionary directly into agent
2025-04-17 17:03:28 - directional_dqn_agent - models\agents\directional_dqn_agent.py:399 - INFO - Loaded model state dictionary directly into agent
2025-04-17 17:19:44 - directional_dqn_agent - models\agents\directional_dqn_agent.py:399 - INFO - Loaded model state dictionary directly into agent
2025-04-17 17:36:02 - directional_dqn_agent - models\agents\directional_dqn_agent.py:399 - INFO - Loaded model state dictionary directly into agent
2025-04-17 17:52:23 - directional_dqn_agent - models\agents\directional_dqn_agent.py:399 - INFO - Loaded model state dictionary directly into agent
2025-04-17 18:08:39 - directional_dqn_agent - models\agents\directional_dqn_agent.py:399 - INFO - Loaded model state dictionary directly into agent
2025-04-17 18:24:48 - directional_dqn_agent - models\agents\directional_dqn_agent.py:399 - INFO - Loaded model state dictionary directly into agent
2025-04-17 18:40:51 - directional_dqn_agent - models\agents\directional_dqn_agent.py:399 - INFO - Loaded model state dictionary directly into agent
2025-04-17 18:56:59 - directional_dqn_agent - models\agents\directional_dqn_agent.py:399 - INFO - Loaded model state dictionary directly into agent
2025-04-17 19:13:03 - directional_dqn_agent - models\agents\directional_dqn_agent.py:399 - INFO - Loaded model state dictionary directly into agent
2025-04-17 19:29:08 - directional_dqn_agent - models\agents\directional_dqn_agent.py:399 - INFO - Loaded model state dictionary directly into agent
2025-04-17 19:45:14 - directional_dqn_agent - models\agents\directional_dqn_agent.py:399 - INFO - Loaded model state dictionary directly into agent
2025-04-17 20:01:20 - directional_dqn_agent - models\agents\directional_dqn_agent.py:399 - INFO - Loaded model state dictionary directly into agent
2025-04-17 20:17:22 - directional_dqn_agent - models\agents\directional_dqn_agent.py:399 - INFO - Loaded model state dictionary directly into agent
2025-04-17 20:33:44 - directional_dqn_agent - models\agents\directional_dqn_agent.py:399 - INFO - Loaded model state dictionary directly into agent
2025-04-17 20:50:03 - directional_dqn_agent - models\agents\directional_dqn_agent.py:399 - INFO - Loaded model state dictionary directly into agent
2025-04-17 21:06:19 - directional_dqn_agent - models\agents\directional_dqn_agent.py:399 - INFO - Loaded model state dictionary directly into agent
2025-04-17 21:22:34 - directional_dqn_agent - models\agents\directional_dqn_agent.py:399 - INFO - Loaded model state dictionary directly into agent
2025-04-17 21:38:56 - directional_dqn_agent - models\agents\directional_dqn_agent.py:399 - INFO - Loaded model state dictionary directly into agent
2025-04-17 21:55:03 - directional_dqn_agent - models\agents\directional_dqn_agent.py:399 - INFO - Loaded model state dictionary directly into agent
2025-04-17 22:11:14 - directional_dqn_agent - models\agents\directional_dqn_agent.py:399 - INFO - Loaded model state dictionary directly into agent
2025-04-17 22:27:04 - directional_dqn_agent - models\agents\directional_dqn_agent.py:399 - INFO - Loaded model state dictionary directly into agent
2025-04-17 22:42:52 - directional_dqn_agent - models\agents\directional_dqn_agent.py:399 - INFO - Loaded model state dictionary directly into agent
2025-04-17 22:58:40 - directional_dqn_agent - models\agents\directional_dqn_agent.py:399 - INFO - Loaded model state dictionary directly into agent
2025-04-17 23:14:31 - directional_dqn_agent - models\agents\directional_dqn_agent.py:399 - INFO - Loaded model state dictionary directly into agent
2025-04-17 23:29:32 - directional_dqn_agent - models\agents\directional_dqn_agent.py:399 - INFO - Loaded model state dictionary directly into agent
2025-04-17 23:44:32 - directional_dqn_agent - models\agents\directional_dqn_agent.py:399 - INFO - Loaded model state dictionary directly into agent
2025-04-17 23:59:31 - directional_dqn_agent - models\agents\directional_dqn_agent.py:399 - INFO - Loaded model state dictionary directly into agent
2025-04-18 00:14:33 - directional_dqn_agent - models\agents\directional_dqn_agent.py:399 - INFO - Loaded model state dictionary directly into agent
2025-04-18 00:29:33 - directional_dqn_agent - models\agents\directional_dqn_agent.py:399 - INFO - Loaded model state dictionary directly into agent
2025-04-18 00:44:32 - directional_dqn_agent - models\agents\directional_dqn_agent.py:399 - INFO - Loaded model state dictionary directly into agent
2025-04-18 00:59:30 - directional_dqn_agent - models\agents\directional_dqn_agent.py:399 - INFO - Loaded model state dictionary directly into agent
2025-04-18 01:14:30 - directional_dqn_agent - models\agents\directional_dqn_agent.py:399 - INFO - Loaded model state dictionary directly into agent
2025-04-18 01:29:32 - directional_dqn_agent - models\agents\directional_dqn_agent.py:399 - INFO - Loaded model state dictionary directly into agent
2025-04-18 01:44:28 - directional_dqn_agent - models\agents\directional_dqn_agent.py:399 - INFO - Loaded model state dictionary directly into agent
2025-04-18 01:59:27 - directional_dqn_agent - models\agents\directional_dqn_agent.py:399 - INFO - Loaded model state dictionary directly into agent
2025-04-18 02:14:27 - directional_dqn_agent - models\agents\directional_dqn_agent.py:399 - INFO - Loaded model state dictionary directly into agent
2025-04-18 02:29:27 - directional_dqn_agent - models\agents\directional_dqn_agent.py:399 - INFO - Loaded model state dictionary directly into agent
2025-04-18 02:44:25 - directional_dqn_agent - models\agents\directional_dqn_agent.py:399 - INFO - Loaded model state dictionary directly into agent
2025-04-18 02:59:26 - directional_dqn_agent - models\agents\directional_dqn_agent.py:399 - INFO - Loaded model state dictionary directly into agent
2025-04-18 03:14:29 - directional_dqn_agent - models\agents\directional_dqn_agent.py:399 - INFO - Loaded model state dictionary directly into agent
2025-04-18 03:29:30 - directional_dqn_agent - models\agents\directional_dqn_agent.py:399 - INFO - Loaded model state dictionary directly into agent
2025-04-18 03:44:28 - directional_dqn_agent - models\agents\directional_dqn_agent.py:399 - INFO - Loaded model state dictionary directly into agent
2025-04-18 03:59:24 - directional_dqn_agent - models\agents\directional_dqn_agent.py:399 - INFO - Loaded model state dictionary directly into agent
2025-04-18 04:14:21 - directional_dqn_agent - models\agents\directional_dqn_agent.py:399 - INFO - Loaded model state dictionary directly into agent
2025-04-18 04:29:20 - directional_dqn_agent - models\agents\directional_dqn_agent.py:399 - INFO - Loaded model state dictionary directly into agent
2025-04-18 04:44:17 - directional_dqn_agent - models\agents\directional_dqn_agent.py:399 - INFO - Loaded model state dictionary directly into agent
2025-04-18 04:59:11 - directional_dqn_agent - models\agents\directional_dqn_agent.py:399 - INFO - Loaded model state dictionary directly into agent
2025-04-18 05:14:10 - directional_dqn_agent - models\agents\directional_dqn_agent.py:399 - INFO - Loaded model state dictionary directly into agent
2025-04-18 05:29:11 - directional_dqn_agent - models\agents\directional_dqn_agent.py:399 - INFO - Loaded model state dictionary directly into agent
2025-04-18 05:44:06 - directional_dqn_agent - models\agents\directional_dqn_agent.py:399 - INFO - Loaded model state dictionary directly into agent
2025-04-18 05:59:01 - directional_dqn_agent - models\agents\directional_dqn_agent.py:399 - INFO - Loaded model state dictionary directly into agent
2025-04-18 06:13:58 - directional_dqn_agent - models\agents\directional_dqn_agent.py:399 - INFO - Loaded model state dictionary directly into agent
2025-04-18 06:28:57 - directional_dqn_agent - models\agents\directional_dqn_agent.py:399 - INFO - Loaded model state dictionary directly into agent
2025-04-18 06:43:54 - directional_dqn_agent - models\agents\directional_dqn_agent.py:399 - INFO - Loaded model state dictionary directly into agent
2025-04-18 06:58:52 - directional_dqn_agent - models\agents\directional_dqn_agent.py:399 - INFO - Loaded model state dictionary directly into agent
2025-04-18 07:13:51 - directional_dqn_agent - models\agents\directional_dqn_agent.py:399 - INFO - Loaded model state dictionary directly into agent
2025-04-18 07:28:51 - directional_dqn_agent - models\agents\directional_dqn_agent.py:399 - INFO - Loaded model state dictionary directly into agent
2025-04-18 07:43:47 - directional_dqn_agent - models\agents\directional_dqn_agent.py:399 - INFO - Loaded model state dictionary directly into agent
2025-04-18 07:58:47 - directional_dqn_agent - models\agents\directional_dqn_agent.py:399 - INFO - Loaded model state dictionary directly into agent
2025-04-18 07:59:25 - directional_dqn_agent - models\agents\directional_dqn_agent.py:399 - INFO - Loaded model state dictionary directly into agent
2025-04-18 07:59:33 - setup_logging - scripts\start_experiment.py:104 - INFO - Training completed!
2025-04-18 07:59:33 - setup_logging - scripts\start_experiment.py:106 - INFO - Total episodes: 630
2025-04-18 07:59:33 - setup_logging - scripts\start_experiment.py:108 - INFO - Final training reward: 10.5538
2025-04-18 07:59:33 - setup_logging - scripts\start_experiment.py:110 - INFO - Final evaluation return: 0.1620
2025-04-18 07:59:33 - setup_logging - scripts\start_experiment.py:112 - INFO - Final Sharpe ratio: -1.2374
2025-04-18 07:59:33 - setup_logging - scripts\start_experiment.py:114 - INFO - Final total return: -1.48%
